building_id, mean_temp, std_temp, pct_above_18, pct_below_15
10000, 14.0123, 6.3674, 30.9410, 55.5423
10009, 11.0001, 5.8111, 16.6713, 74.9724
10014, 14.7442, 7.0377, 38.2637, 52.8084
10019, 14.7355, 7.0303, 38.1492, 52.9293
10029, 10.6160, 6.3173, 18.2556, 74.5130
10031, 12.5071, 6.2784, 24.0447, 66.3951
10051, 13.2890, 5.9991, 25.9769, 62.8599
10053, 11.3665, 6.2612, 19.9511, 72.4105
10056, 14.2201, 6.1795, 31.7635, 57.0617
10064, 12.7170, 6.9642, 28.7914, 62.7569
10075, 15.1569, 6.4405, 39.1209, 47.4561
10079, 15.0944, 7.3139, 41.9000, 49.4497
10080, 15.7777, 7.2806, 46.3658, 44.7110
10082, 16.4657, 6.7133, 48.6435, 40.5614
10083, 15.6392, 7.1208, 44.8555, 45.8864
10084, 15.1006, 7.1505, 40.9065, 50.2665
10085, 15.8689, 7.1928, 46.1830, 44.7257
10086, 14.3915, 7.2156, 37.2566, 53.0188
10087, 15.0732, 7.2755, 41.5324, 49.8971
10089, 13.9898, 7.2763, 35.4586, 56.3640

# GPU timing for 20 plans:            63.59 s
# Average time per plan:              3.1796 s
# Estimated time for 4571 plans: 4.04 h

------------------------------------------------------------
Sender: LSF System <lsfadmin@hpc.dtu.dk>
Subject: Job 24904706: <Running_GPU_9> in cluster <dcc> Done

Job <Running_GPU_9> was submitted from host <hpclogin1> by user <s242734> in cluster <dcc> at Sun May  4 19:16:00 2025
Job was executed on host(s) <4*n-62-12-22>, in queue <c02613>, as user <s242734> in cluster <dcc> at Sun May  4 19:16:01 2025
</zhome/45/3/213740> was used as the home directory.
</zhome/45/3/213740/Python_and_HPC> was used as the working directory.
Started at Sun May  4 19:16:01 2025
Terminated at Sun May  4 19:19:36 2025
Results reported at Sun May  4 19:19:36 2025

Your job looked like:

------------------------------------------------------------
# LSBATCH: User input
#!/bin/sh
#BSUB -q c02613
#BSUB -J Running_GPU_9
#BSUB -n 4
#BSUB -R "span[hosts=1]"
#BSUB -R "rusage[mem=12GB]"
#BSUB -gpu "num=1:mode=exclusive_process"
#BSUB -W 02:00
#BSUB -o Running_GPU_9_%J.out
#BSUB -e Running_GPU_9_%J.err


source /dtu/projects/02613_2025/conda/conda_init.sh
conda activate 02613

python assignment9.py 20
------------------------------------------------------------

Successfully completed.

Resource usage summary:

    CPU time :                                   143.53 sec.
    Max Memory :                                 167 MB
    Average Memory :                             153.00 MB
    Total Requested Memory :                     49152.00 MB
    Delta Memory :                               48985.00 MB
    Max Swap :                                   -
    Max Processes :                              4
    Max Threads :                                7
    Run time :                                   278 sec.
    Turnaround time :                            216 sec.

The output (if any) is above this job summary.



PS:

Read file <Running_GPU_9_24904706.err> for stderr output of this job.

