Running with 1 worker(s)...
Elapsed time: 1023.95 seconds
Running with 2 worker(s)...
Elapsed time: 578.52 seconds
Running with 4 worker(s)...
Elapsed time: 402.36 seconds
Running with 8 worker(s)...
Elapsed time: 241.84 seconds
Running with 16 worker(s)...
Elapsed time: 182.54 seconds

Estimated parallel fraction (average over runs): 0.8572

------------------------------------------------------------
Sender: LSF System <lsfadmin@hpc.dtu.dk>
Subject: Job 24808748: <Parallell_Timing> in cluster <dcc> Done

Job <Parallell_Timing> was submitted from host <hpclogin1> by user <s242755> in cluster <dcc> at Sat Apr 26 20:42:39 2025
Job was executed on host(s) <16*n-62-31-21>, in queue <hpc>, as user <s242755> in cluster <dcc> at Sat Apr 26 20:42:41 2025
</zhome/c7/7/213796> was used as the home directory.
</zhome/c7/7/213796/HPC/final_assignment> was used as the working directory.
Started at Sat Apr 26 20:42:41 2025
Terminated at Sat Apr 26 21:23:13 2025
Results reported at Sat Apr 26 21:23:13 2025

Your job looked like:

------------------------------------------------------------
# LSBATCH: User input
#!/bin/bash
#BSUB -J Parallell_Timing
#BSUB -q hpc
#BSUB -W 01:00
#BSUB -n 16
#BSUB -R "span[hosts=1]"
#BSUB -R "rusage[mem=1GB]"
#BSUB -o Parallell_%J.out
#BSUB -e Parallell_%J.err
#BSUB -R "select[model == XeonGold6126]"

# Load environment and activate Conda
source /dtu/projects/02613_2025/conda/conda_init.sh
conda activate 02613

# Run the script with the expected input file
python Paralell_timing.py

------------------------------------------------------------

Successfully completed.

Resource usage summary:

    CPU time :                                   7581.84 sec.
    Max Memory :                                 1535 MB
    Average Memory :                             857.48 MB
    Total Requested Memory :                     16384.00 MB
    Delta Memory :                               14849.00 MB
    Max Swap :                                   -
    Max Processes :                              20
    Max Threads :                                24
    Run time :                                   2436 sec.
    Turnaround time :                            2434 sec.

The output (if any) is above this job summary.



PS:

Read file <Parallell_24808748.err> for stderr output of this job.

