building_id, mean_temp, std_temp, pct_above_18, pct_below_15
10000, 14.01233878811275, 6.367431059312565, 30.941014791508444, 55.542295034537624
10009, 11.000135812436373, 5.811144379826625, 16.6712734948236, 74.9723590310584
10014, 14.744169941950119, 7.037733284673848, 38.26367541377415, 52.80837116508215
10019, 14.735524480624482, 7.030325006703675, 38.14915412864569, 52.92926826787113
10029, 10.616037322820358, 6.317331938274926, 18.25563221896085, 74.51301795448481
10031, 12.507072852890545, 6.278432089100354, 24.044722033998173, 66.39513301711693
10051, 13.289039951277402, 5.999085063388632, 25.97693550756574, 62.859923608050536
10053, 11.366493551285709, 6.26121798185875, 19.9510754583921, 72.41052538787024
10056, 14.220114507861702, 6.179461157398302, 31.763454814173965, 57.06174975667784
10064, 12.71696893739585, 6.964227784263683, 28.79137124461432, 62.75688345539249
10075, 15.156939199079357, 6.44052034037085, 39.12088154756647, 47.45605511880576
10079, 15.094353507626135, 7.313911268349323, 41.90001451870493, 49.44974108309539
10080, 15.777740694240359, 7.280585752157965, 46.365765006711015, 44.711034476002
10082, 16.465720758630678, 6.713345052234242, 48.64349722630506, 40.56137689061685
10083, 15.639247995421403, 7.120808056609733, 44.855518923515284, 45.886354482120744
10084, 15.100584697661853, 7.1505418077486445, 40.90648998644782, 50.266526125583496
10085, 15.868862158668058, 7.192791728448739, 46.18303917834116, 44.72566696293788
10086, 14.391525374209257, 7.21561607319371, 37.25664572257129, 53.01884968583857
10087, 15.073205905031166, 7.275519953981684, 41.532405798190645, 49.89713190601896
10089, 13.989763514400206, 7.276278123379982, 35.45861191757374, 56.3640146392669
Wrote profile results to simulation_clean.py.lprof
Timer unit: 1e-06 s

Total time: 230.63 s
File: simulation_clean.py
Function: jacobi at line 12

Line #      Hits         Time  Per Hit   % Time  Line Contents
==============================================================
    12                                           @profile
    13                                           def jacobi(u, interior_mask, max_iter, atol=1e-6):
    14        20      11305.2    565.3      0.0      u = np.copy(u)
    15    118118      74031.1      0.6      0.0      for _ in range(max_iter):
    16    118118  126421898.5   1070.3     54.8          u_new = 0.25 * (u[1:-1, :-2] + u[1:-1, 2:] + u[:-2, 1:-1] + u[2:, 1:-1])
    17    118118   25718882.4    217.7     11.2          u_new_interior = u_new[interior_mask]
    18    118118   49796221.4    421.6     21.6          delta = np.abs(u[1:-1, 1:-1][interior_mask] - u_new_interior).max()
    19    118118   28427126.9    240.7     12.3          u[1:-1, 1:-1][interior_mask] = u_new_interior
    20    118118     180502.5      1.5      0.1          if delta < atol:
    21        20         14.0      0.7      0.0              break
    22        20          6.6      0.3      0.0      return u


------------------------------------------------------------
Sender: LSF System <lsfadmin@hpc.dtu.dk>
Subject: Job 24832892: <Parallell_Timing> in cluster <dcc> Done

Job <Parallell_Timing> was submitted from host <hpclogin1> by user <s242755> in cluster <dcc> at Tue Apr 29 22:45:41 2025
Job was executed on host(s) <16*n-62-31-22>, in queue <hpc>, as user <s242755> in cluster <dcc> at Tue Apr 29 22:45:42 2025
</zhome/c7/7/213796> was used as the home directory.
</zhome/c7/7/213796/HPC/final_assignment> was used as the working directory.
Started at Tue Apr 29 22:45:42 2025
Terminated at Tue Apr 29 22:49:35 2025
Results reported at Tue Apr 29 22:49:35 2025

Your job looked like:

------------------------------------------------------------
# LSBATCH: User input
#!/bin/bash
#BSUB -J Parallell_Timing
#BSUB -q hpc
#BSUB -W 01:00
#BSUB -n 16
#BSUB -R "span[hosts=1]"
#BSUB -R "rusage[mem=1GB]"
#BSUB -o Parallell_%J.out
#BSUB -e Parallell_%J.err
#BSUB -R "select[model == XeonGold6126]"

# Load environment and activate Conda
source /dtu/projects/02613_2025/conda/conda_init.sh
conda activate 02613

# Profile your code
kernprof -l -v simulation_clean.py 20
------------------------------------------------------------

Successfully completed.

Resource usage summary:

    CPU time :                                   233.10 sec.
    Max Memory :                                 116 MB
    Average Memory :                             109.75 MB
    Total Requested Memory :                     16384.00 MB
    Delta Memory :                               16268.00 MB
    Max Swap :                                   -
    Max Processes :                              4
    Max Threads :                                5
    Run time :                                   246 sec.
    Turnaround time :                            234 sec.

The output (if any) is above this job summary.



PS:

Read file <Parallell_24832892.err> for stderr output of this job.

